<?xml version="1.0" encoding="UTF-8"?>
<!-- Generated by org.testng.reporters.JUnitXMLReporter -->
<testsuite hostname="user-PC" name="Accenture-SMOKE-TestPlan" tests="1" failures="1" timestamp="12 Aug 2017 10:48:18 GMT" time="0.05" errors="0">
  <testcase name="validateDefaultSRStatusInResultGrid" time="0.007" classname="com.guarented.ecommerce.testplan.Searchusingttestdata">
    <failure type="java.lang.NullPointerException">
      <![CDATA[java.lang.NullPointerException
	at java.util.concurrent.FutureTask.run(FutureTask.java:266)
	at java.util.concurrent.ThreadPoolExecutor.runWorker(ThreadPoolExecutor.java:1149)
	at java.util.concurrent.ThreadPoolExecutor$Worker.run(ThreadPoolExecutor.java:624)
	at java.lang.Thread.run(Thread.java:748)
... Removed 9 stack frames]]>
    </failure>
  </testcase> <!-- validateDefaultSRStatusInResultGrid -->
</testsuite> <!-- Accenture-SMOKE-TestPlan -->
