<?xml version="1.0" encoding="UTF-8"?>
<!-- Generated by org.testng.reporters.JUnitXMLReporter -->
<testsuite hostname="user-PC" name="test1" tests="2" failures="2" timestamp="25 Jul 2017 11:26:34 GMT" time="16.065" errors="0">
  <testcase name="bookingitemthroughmainsearch" time="8.026" classname="com.hometestplan.Hometastplan">
    <failure type="java.lang.NullPointerException">
      <![CDATA[java.lang.NullPointerException
	at com.guaren.ecommerce.pagelibrary.Guarente_loginpage.clickonSignIndropdown(Guarente_loginpage.java:35)
	at com.hometestplan.Hometastplan.testtlogin(Hometastplan.java:39)
	at com.hometestplan.Hometastplan.bookingitemthroughmainsearch(Hometastplan.java:49)
... Removed 24 stack frames]]>
    </failure>
  </testcase> <!-- bookingitemthroughmainsearch -->
  <testcase name="testtlogin" time="8.004" classname="com.hometestplan.Hometastplan">
    <failure type="java.lang.NullPointerException">
      <![CDATA[java.lang.NullPointerException
	at com.guaren.ecommerce.pagelibrary.Guarente_loginpage.clickonSignIndropdown(Guarente_loginpage.java:35)
	at com.hometestplan.Hometastplan.testtlogin(Hometastplan.java:39)
... Removed 24 stack frames]]>
    </failure>
  </testcase> <!-- testtlogin -->
</testsuite> <!-- test1 -->
