<?xml version="1.0" encoding="UTF-8"?>
<!-- Generated by org.testng.reporters.JUnitXMLReporter -->
<testsuite hostname="user-PC" name="booking" tests="1" failures="1" timestamp="21 Aug 2017 10:52:32 GMT" time="36.614" errors="0">
  <testcase name="bookIteminGuarentedthroughproducts" time="25.41" classname="com.guarented.ecommerce.Testplans.BokItemInGuarented">
    <failure type="java.lang.AssertionError" message="title mismatch in product details page expected [true] but found [false]">
      <![CDATA[java.lang.AssertionError: title mismatch in product details page expected [true] but found [false]
	at com.guarented.ecommerce.pageUtils.productdetailsutils1.validationsinproductdetailspage(productdetailsutils1.java:85)
	at com.guarented.ecommerce.pageUtils.HomePageUtils1.bookIteminGuarented(HomePageUtils1.java:36)
	at com.guarented.ecommerce.Testplans.BokItemInGuarented.bookIteminGuarentedthroughproducts(BokItemInGuarented.java:110)
... Removed 27 stack frames]]>
    </failure>
  </testcase> <!-- bookIteminGuarentedthroughproducts -->
</testsuite> <!-- booking -->
