<?xml version="1.0" encoding="UTF-8"?>
<!-- Generated by org.testng.reporters.JUnitXMLReporter -->
<testsuite hostname="user-PC" name="verifyHomePageFooterLinks" tests="3" failures="0" timestamp="16 Aug 2017 09:10:05 GMT" time="96.383" errors="0">
  <testcase name="verifyHomePageSocialSiteIcons" time="38.074" classname="com.guarented.ecommerce.Testplans.HomePageFooterLinksTestPlan"/>
  <testcase name="verifyhomepagefooterlinksofHome_Appliances_on_Rent" time="17.644" classname="com.guarented.ecommerce.Testplans.HomePageFooterLinksTestPlan"/>
  <testcase name="verifyhomepagefooterlinksofHome_Furniture_on_Rent" time="19.697" classname="com.guarented.ecommerce.Testplans.HomePageFooterLinksTestPlan"/>
</testsuite> <!-- verifyHomePageFooterLinks -->
