<?xml version="1.0" encoding="UTF-8"?>
<!-- Generated by org.testng.reporters.JUnitXMLReporter -->
<testsuite hostname="user-PC" name="booking" tests="1" failures="1" timestamp="4 Aug 2017 12:00:19 GMT" time="82.127" errors="0">
  <testcase name="bookitemthroughproducts" time="44.623" classname="com.guaren.ecommerce.testscripts.TC003_testBookingitemthroughSearch">
    <failure type="java.lang.NullPointerException">
      <![CDATA[java.lang.NullPointerException
	at com.guaren.ecommerce.pagelibrary.Guarente_cartPage.click_Next_Buttonincart(Guarente_cartPage.java:29)
	at com.guaren.ecommerce.pagelibrary.Guarente_Homepage.bookiteminguarentedsite(Guarente_Homepage.java:56)
	at com.guaren.ecommerce.testscripts.TC003_testBookingitemthroughSearch.bookitemthroughproducts(TC003_testBookingitemthroughSearch.java:52)
... Removed 24 stack frames]]>
    </failure>
  </testcase> <!-- bookitemthroughproducts -->
</testsuite> <!-- booking -->
